{
  "stats": {
    "suites": 1,
    "tests": 1,
    "passes": 1,
    "pending": 0,
    "failures": 0,
    "start": "2022-06-01T11:44:05.168Z",
    "end": "2022-06-01T11:44:21.611Z",
    "duration": 16443,
    "testsRegistered": 1,
    "passPercent": 100,
    "pendingPercent": 0,
    "other": 0,
    "hasOther": false,
    "skipped": 0,
    "hasSkipped": false
  },
  "results": [
    {
      "uuid": "016ffcf3-5032-4080-b234-881b262acaab",
      "title": "",
      "fullFile": "cypress/integration/1-getting-started/E2E-flow.js",
      "file": "cypress/integration/1-getting-started/E2E-flow.js",
      "beforeHooks": [],
      "afterHooks": [],
      "tests": [],
      "suites": [
        {
          "uuid": "81e1c198-ef7f-4a5f-b748-648efb309524",
          "title": "page object demo",
          "fullFile": "",
          "file": "",
          "beforeHooks": [],
          "afterHooks": [],
          "tests": [
            {
              "title": "Test Case1",
              "fullTitle": "page object demo Test Case1",
              "timedOut": null,
              "duration": 14875,
              "state": "passed",
              "speed": "slow",
              "pass": true,
              "fail": false,
              "pending": false,
              "context": null,
              "code": "const homepage = new _HomePage.default();\nconst shoppage = new _ShopPage.default();\nconst checkoutpage = new _CheckoutPage.default(); // launch URL\ncy.visit(\"https://rahulshettyacademy.com/angularpractice/\"); //data driven from fixture\nhomepage.getNameBox().type(this.regdata.name);\nhomepage.getEmailBox().type(this.regdata.email);\nhomepage.getPasswordBox().type(this.regdata.password);\nhomepage.getGenderDD().select(this.regdata.gender).should(\"have.value\", \"Female\");\nhomepage.getCheckBoxes().check().should(\"be.checked\").and(\"have.value\", \"option2\");\nhomepage.getTwoWayBindingDataBox().should('have.value', this.regdata.name);\nhomepage.getNameBox().should('have.attr', \"minlength\", \"2\");\nhomepage.getEnterpreneurCheckBox().should('be.disabled');\nhomepage.getShopLink().click(); //this.regdata.productName\nthis.regdata.productName.forEach(element => {\n  cy.selectProduct(element);\n});\nshoppage.getCheckOutButton().click();\nCypress.config('defaultCommandTimeout', 8000);\ncheckoutpage.getCheckOutButton().click(); // checkoutpage.getCountryBox().type(\"India\")  \n//auto select India\ncheckoutpage.getCountryBox().type(\"India\");\ncheckoutpage.getCheckBoxToAgreeWithTermConditions().check({\n  force: true\n});\ncheckoutpage.getPurchaseButton().click();\ncheckoutpage.getSuccessText().contains(\"Success\");",
              "err": {},
              "uuid": "b7bbbac6-8b71-46b3-a99d-0f43322b8750",
              "parentUUID": "81e1c198-ef7f-4a5f-b748-648efb309524",
              "isHook": false,
              "skipped": false
            }
          ],
          "suites": [],
          "passes": [
            "b7bbbac6-8b71-46b3-a99d-0f43322b8750"
          ],
          "failures": [],
          "pending": [],
          "skipped": [],
          "duration": 14875,
          "root": false,
          "rootEmpty": false,
          "_timeout": 2000
        }
      ],
      "passes": [],
      "failures": [],
      "pending": [],
      "skipped": [],
      "duration": 0,
      "root": true,
      "rootEmpty": true,
      "_timeout": 2000
    }
  ],
  "meta": {
    "mocha": {
      "version": "7.0.1"
    },
    "mochawesome": {
      "options": {
        "quiet": false,
        "reportFilename": "mochawesome",
        "saveHtml": true,
        "saveJson": true,
        "consoleReporter": "spec",
        "useInlineDiffs": false,
        "code": true
      },
      "version": "7.1.3"
    },
    "marge": {
      "options": null,
      "version": "6.2.0"
    }
  }
}